# JRE version: Java(TM) SE Runtime Environment (17.0.12+8) (build 17.0.12+8-LTS-286)
# Java VM: Java HotSpot(TM) 64-Bit Server VM (17.0.12+8-LTS-286, mixed mode, emulated-client, sharing, tiered, compressed oops, compressed class ptrs, g1 gc, windows-amd64)
GC Precious Log:
 CPUs: 28 total, 28 available
 Memory: 32454M
 Large Page Support: Disabled
 NUMA Support: Disabled
 Compressed Oops: Enabled (Zero based)
 Heap Region Size: 4M
 Heap Min Capacity: 8M
 Heap Initial Capacity: 508M
 Heap Max Capacity: 8116M
 Pre-touch: Disabled
 Parallel Workers: 20
 Concurrent Workers: 5
 Concurrent Refinement Workers: 20
 Periodic GC: Disabled
Heap:
 garbage-first heap   total 331776K, used 151477K [0x0000000604c00000, 0x0000000800000000)
  region size 4096K, 13 young (53248K), 2 survivors (8192K)
 Metaspace       used 217548K, committed 222080K, reserved 1310720K
  class space    used 21393K, committed 23424K, reserved 1048576K
GC Heap History (20 events):
Event: 20937.142 GC heap after
{Heap after GC invocations=383 (full 23):
 garbage-first heap   total 274432K, used 88897K [0x0000000604c00000, 0x0000000800000000)
  region size 4096K, 3 young (12288K), 3 survivors (12288K)
 Metaspace       used 212675K, committed 217408K, reserved 1245184K
  class space    used 20942K, committed 23296K, reserved 1048576K
}
Event: 20937.315 GC heap before
{Heap before GC invocations=383 (full 23):
 garbage-first heap   total 274432K, used 211777K [0x0000000604c00000, 0x0000000800000000)
  region size 4096K, 33 young (135168K), 3 survivors (12288K)
 Metaspace       used 213430K, committed 218048K, reserved 1245184K
  class space    used 21000K, committed 23296K, reserved 1048576K
}
Event: 20937.317 GC heap after
{Heap after GC invocations=384 (full 23):
 garbage-first heap   total 274432K, used 91942K [0x0000000604c00000, 0x0000000800000000)
  region size 4096K, 1 young (4096K), 1 survivors (4096K)
 Metaspace       used 213430K, committed 218048K, reserved 1245184K
  class space    used 21000K, committed 23296K, reserved 1048576K
}
Event: 20938.809 GC heap before
{Heap before GC invocations=384 (full 23):
 garbage-first heap   total 274432K, used 214822K [0x0000000604c00000, 0x0000000800000000)
  region size 4096K, 31 young (126976K), 1 survivors (4096K)
 Metaspace       used 214838K, committed 219392K, reserved 1310720K
  class space    used 21081K, committed 23296K, reserved 1048576K
}
Event: 20938.812 GC heap after
{Heap after GC invocations=385 (full 23):
 garbage-first heap   total 331776K, used 97827K [0x0000000604c00000, 0x0000000800000000)
  region size 4096K, 3 young (12288K), 3 survivors (12288K)
 Metaspace       used 214838K, committed 219392K, reserved 1310720K
  class space    used 21081K, committed 23296K, reserved 1048576K
}
Event: 20939.319 GC heap before
{Heap before GC invocations=385 (full 23):
 garbage-first heap   total 331776K, used 253475K [0x0000000604c00000, 0x0000000800000000)
  region size 4096K, 41 young (167936K), 3 survivors (12288K)
 Metaspace       used 216389K, committed 220864K, reserved 1310720K
  class space    used 21166K, committed 23296K, reserved 1048576K
}
Event: 20939.324 GC heap after
{Heap after GC invocations=386 (full 23):
 garbage-first heap   total 331776K, used 104620K [0x0000000604c00000, 0x0000000800000000)
  region size 4096K, 4 young (16384K), 4 survivors (16384K)
 Metaspace       used 216389K, committed 220864K, reserved 1310720K
  class space    used 21166K, committed 23296K, reserved 1048576K
}
Event: 20968.645 GC heap before
{Heap before GC invocations=386 (full 23):
 garbage-first heap   total 331776K, used 260268K [0x0000000604c00000, 0x0000000800000000)
  region size 4096K, 42 young (172032K), 4 survivors (16384K)
 Metaspace       used 217439K, committed 221952K, reserved 1310720K
  class space    used 21367K, committed 23360K, reserved 1048576K
}
Event: 20968.649 GC heap after
{Heap after GC invocations=387 (full 23):
 garbage-first heap   total 331776K, used 112587K [0x0000000604c00000, 0x0000000800000000)
  region size 4096K, 4 young (16384K), 4 survivors (16384K)
 Metaspace       used 217439K, committed 221952K, reserved 1310720K
  class space    used 21367K, committed 23360K, reserved 1048576K
}
Event: 20969.780 GC heap before
{Heap before GC invocations=387 (full 23):
 garbage-first heap   total 331776K, used 260043K [0x0000000604c00000, 0x0000000800000000)
  region size 4096K, 40 young (163840K), 4 survivors (16384K)
 Metaspace       used 217500K, committed 222016K, reserved 1310720K
  class space    used 21383K, committed 23360K, reserved 1048576K
}
Event: 20969.784 GC heap after
{Heap after GC invocations=388 (full 23):
 garbage-first heap   total 331776K, used 110262K [0x0000000604c00000, 0x0000000800000000)
  region size 4096K, 2 young (8192K), 2 survivors (8192K)
 Metaspace       used 217500K, committed 222016K, reserved 1310720K
  class space    used 21383K, committed 23360K, reserved 1048576K
}
Event: 21192.833 GC heap before
{Heap before GC invocations=388 (full 23):
 garbage-first heap   total 331776K, used 261814K [0x0000000604c00000, 0x0000000800000000)
  region size 4096K, 39 young (159744K), 2 survivors (8192K)
 Metaspace       used 217546K, committed 222080K, reserved 1310720K
  class space    used 21393K, committed 23424K, reserved 1048576K
}
Event: 21192.837 GC heap after
{Heap after GC invocations=389 (full 23):
 garbage-first heap   total 331776K, used 110815K [0x0000000604c00000, 0x0000000800000000)
  region size 4096K, 2 young (8192K), 2 survivors (8192K)
 Metaspace       used 217546K, committed 222080K, reserved 1310720K
  class space    used 21393K, committed 23424K, reserved 1048576K
}
Event: 21430.324 GC heap before
{Heap before GC invocations=389 (full 23):
 garbage-first heap   total 331776K, used 266463K [0x0000000604c00000, 0x0000000800000000)
  region size 4096K, 40 young (163840K), 2 survivors (8192K)
 Metaspace       used 217546K, committed 222080K, reserved 1310720K
  class space    used 21393K, committed 23424K, reserved 1048576K
}
Event: 21430.326 GC heap after
{Heap after GC invocations=390 (full 23):
 garbage-first heap   total 331776K, used 109498K [0x0000000604c00000, 0x0000000800000000)
  region size 4096K, 2 young (8192K), 2 survivors (8192K)
 Metaspace       used 217546K, committed 222080K, reserved 1310720K
  class space    used 21393K, committed 23424K, reserved 1048576K
}
Event: 21668.411 GC heap before
{Heap before GC invocations=390 (full 23):
 garbage-first heap   total 331776K, used 265146K [0x0000000604c00000, 0x0000000800000000)
  region size 4096K, 40 young (163840K), 2 survivors (8192K)
 Metaspace       used 217546K, committed 222080K, reserved 1310720K
  class space    used 21393K, committed 23424K, reserved 1048576K
}
Event: 21668.419 GC heap after
{Heap after GC invocations=391 (full 23):
 garbage-first heap   total 331776K, used 109673K [0x0000000604c00000, 0x0000000800000000)
  region size 4096K, 2 young (8192K), 2 survivors (8192K)
 Metaspace       used 217546K, committed 222080K, reserved 1310720K
  class space    used 21393K, committed 23424K, reserved 1048576K
}
Event: 25092.083 GC heap before
{Heap before GC invocations=391 (full 23):
 garbage-first heap   total 331776K, used 269417K [0x0000000604c00000, 0x0000000800000000)
  region size 4096K, 41 young (167936K), 2 survivors (8192K)
 Metaspace       used 217546K, committed 222080K, reserved 1310720K
  class space    used 21393K, committed 23424K, reserved 1048576K
}
Event: 25092.086 GC heap after
{Heap after GC invocations=392 (full 23):
 garbage-first heap   total 331776K, used 109737K [0x0000000604c00000, 0x0000000800000000)
  region size 4096K, 2 young (8192K), 2 survivors (8192K)
 Metaspace       used 217546K, committed 222080K, reserved 1310720K
  class space    used 21393K, committed 23424K, reserved 1048576K
}
Event: 25140.675 GC heap before
{Heap before GC invocations=392 (full 23):
 garbage-first heap   total 331776K, used 150697K [0x0000000604c00000, 0x0000000800000000)
  region size 4096K, 13 young (53248K), 2 survivors (8192K)
 Metaspace       used 217548K, committed 222080K, reserved 1310720K
  class space    used 21393K, committed 23424K, reserved 1048576K
}

